<?xml version="1.0" encoding="UTF-8"?>
<!-- Generated by org.testng.reporters.JUnitXMLReporter -->
<testsuite ignored="0" hostname="DESKTOP-BUNMG7T" failures="0" tests="3" name="Submit Order Test" time="52.155" errors="0" timestamp="2024-01-07T18:22:05 IST">
  <testcase classname="rahulshettyacademy.tests.SubmitOrderTest" name="SubmitOrderTest" time="16.405"/>
  <testcase classname="rahulshettyacademy.tests.SubmitOrderTest" name="SubmitOrderTest" time="15.708"/>
  <testcase classname="rahulshettyacademy.tests.SubmitOrderTest" name="OrderHistoryTest" time="1.052"/>
</testsuite> <!-- Submit Order Test -->
