<?xml version="1.0" encoding="UTF-8"?>
<!-- Generated by org.testng.reporters.JUnitXMLReporter -->
<testsuite ignored="2" hostname="DESKTOP-BUNMG7T" failures="0" tests="0" time="0.029" errors="0" timestamp="2024-01-13T18:27:10 IST">
  <testcase classname="rahulshettyacademy.tests.SubmitOrderTest" name="SubmitOrderTest" time="0.0">
    <ignored/>
  </testcase> <!-- SubmitOrderTest -->
  <testcase classname="rahulshettyacademy.tests.SubmitOrderTest" name="OrderHistoryTest" time="0.0">
    <ignored/>
  </testcase> <!-- OrderHistoryTest -->
</testsuite>
